2023-06-07T13:45:49+00:00 CRITICAL Uncaught Error: Call to undefined function PHPMailer\PHPMailer\mail() in /home/vert8219/public_html/ammanalogam.com/wp-includes/PHPMailer/PHPMailer.php:874
Stack trace:
#0 /home/vert8219/public_html/ammanalogam.com/wp-includes/PHPMailer/PHPMailer.php(1961): PHPMailer\PHPMailer\PHPMailer->mailPassthru()
#1 /home/vert8219/public_html/ammanalogam.com/wp-includes/PHPMailer/PHPMailer.php(1682): PHPMailer\PHPMailer\PHPMailer->mailSend()
#2 /home/vert8219/public_html/ammanalogam.com/wp-includes/PHPMailer/PHPMailer.php(1518): PHPMailer\PHPMailer\PHPMailer->postSend()
#3 /home/vert8219/public_html/ammanalogam.com/wp-includes/pluggable.php(544): PHPMailer\PHPMailer\PHPMailer->send()
#4 /home/vert8219/public_html/ammanalogam.com/wp-content/plugins/contact-form-7/includes/mail.php(194): wp_mail()
#5 /home/vert8219/public_html/ammanalogam.com/wp-content/plugins/contact-form-7/includes/mail.php(19): WPCF7_Mail->compose()
#6 /home/vert8219/public_html/ammanalogam.com/wp-content/plugins/contact-form-7/includes/submission.php(796): WPCF7_Mail::send()
#7 /home/vert8219/public_html/ammanalogam.com/wp-content/plugins/contact-form-7/includes/submission.php(115): WPCF7_Submission->mail()
#8 [internal function]: WPCF7_Submission->{closure}()
#9 /home/vert8219/public_html/ammanalogam.com/wp-content/plugins/contact-form-7/includes/l10n.php(147): call_user_func()
#10 /home/vert8219/public_html/ammanalogam.com/wp-content/plugins/contact-form-7/includes/submission.php(131): wpcf7_switch_locale()
#11 /home/vert8219/public_html/ammanalogam.com/wp-content/plugins/contact-form-7/includes/submission.php(35): WPCF7_Submission->proceed()
#12 /home/vert8219/public_html/ammanalogam.com/wp-content/plugins/contact-form-7/includes/contact-form.php(1039): WPCF7_Submission::get_instance()
#13 /home/vert8219/public_html/ammanalogam.com/wp-content/plugins/contact-form-7/includes/rest-api.php(357): WPCF7_ContactForm->submit()
#14 /home/vert8219/public_html/ammanalogam.com/wp-includes/rest-api/class-wp-rest-server.php(1181): WPCF7_REST_Controller->create_feedback()
#15 /home/vert8219/public_html/ammanalogam.com/wp-includes/rest-api/class-wp-rest-server.php(1028): WP_REST_Server->respond_to_request()
#16 /home/vert8219/public_html/ammanalogam.com/wp-includes/rest-api/class-wp-rest-server.php(442): WP_REST_Server->dispatch()
#17 /home/vert8219/public_html/ammanalogam.com/wp-includes/rest-api.php(410): WP_REST_Server->serve_request()
#18 /home/vert8219/public_html/ammanalogam.com/wp-includes/class-wp-hook.php(308): rest_api_loaded()
#19 /home/vert8219/public_html/ammanalogam.com/wp-includes/class-wp-hook.php(332): WP_Hook->apply_filters()
#20 /home/vert8219/public_html/ammanalogam.com/wp-includes/plugin.php(565): WP_Hook->do_action()
#21 /home/vert8219/public_html/ammanalogam.com/wp-includes/class-wp.php(399): do_action_ref_array()
#22 /home/vert8219/public_html/ammanalogam.com/wp-includes/class-wp.php(780): WP->parse_request()
#23 /home/vert8219/public_html/ammanalogam.com/wp-includes/functions.php(1334): WP->main()
#24 /home/vert8219/public_html/ammanalogam.com/wp-blog-header.php(16): wp()
#25 /home/vert8219/public_html/ammanalogam.com/index.php(17): require('/home/vert8219/...')
#26 {main}
  thrown in /home/vert8219/public_html/ammanalogam.com/wp-includes/PHPMailer/PHPMailer.php on line 874

2023-06-07T13:50:45+00:00 CRITICAL Uncaught Error: Call to undefined function PHPMailer\PHPMailer\mail() in /home/vert8219/public_html/ammanalogam.com/wp-includes/PHPMailer/PHPMailer.php:874
Stack trace:
#0 /home/vert8219/public_html/ammanalogam.com/wp-includes/PHPMailer/PHPMailer.php(1961): PHPMailer\PHPMailer\PHPMailer->mailPassthru()
#1 /home/vert8219/public_html/ammanalogam.com/wp-includes/PHPMailer/PHPMailer.php(1682): PHPMailer\PHPMailer\PHPMailer->mailSend()
#2 /home/vert8219/public_html/ammanalogam.com/wp-includes/PHPMailer/PHPMailer.php(1518): PHPMailer\PHPMailer\PHPMailer->postSend()
#3 /home/vert8219/public_html/ammanalogam.com/wp-includes/pluggable.php(544): PHPMailer\PHPMailer\PHPMailer->send()
#4 /home/vert8219/public_html/ammanalogam.com/wp-content/plugins/contact-form-7/includes/mail.php(194): wp_mail()
#5 /home/vert8219/public_html/ammanalogam.com/wp-content/plugins/contact-form-7/includes/mail.php(19): WPCF7_Mail->compose()
#6 /home/vert8219/public_html/ammanalogam.com/wp-content/plugins/contact-form-7/includes/submission.php(796): WPCF7_Mail::send()
#7 /home/vert8219/public_html/ammanalogam.com/wp-content/plugins/contact-form-7/includes/submission.php(115): WPCF7_Submission->mail()
#8 [internal function]: WPCF7_Submission->{closure}()
#9 /home/vert8219/public_html/ammanalogam.com/wp-content/plugins/contact-form-7/includes/l10n.php(147): call_user_func()
#10 /home/vert8219/public_html/ammanalogam.com/wp-content/plugins/contact-form-7/includes/submission.php(131): wpcf7_switch_locale()
#11 /home/vert8219/public_html/ammanalogam.com/wp-content/plugins/contact-form-7/includes/submission.php(35): WPCF7_Submission->proceed()
#12 /home/vert8219/public_html/ammanalogam.com/wp-content/plugins/contact-form-7/includes/contact-form.php(1039): WPCF7_Submission::get_instance()
#13 /home/vert8219/public_html/ammanalogam.com/wp-content/plugins/contact-form-7/includes/rest-api.php(357): WPCF7_ContactForm->submit()
#14 /home/vert8219/public_html/ammanalogam.com/wp-includes/rest-api/class-wp-rest-server.php(1181): WPCF7_REST_Controller->create_feedback()
#15 /home/vert8219/public_html/ammanalogam.com/wp-includes/rest-api/class-wp-rest-server.php(1028): WP_REST_Server->respond_to_request()
#16 /home/vert8219/public_html/ammanalogam.com/wp-includes/rest-api/class-wp-rest-server.php(442): WP_REST_Server->dispatch()
#17 /home/vert8219/public_html/ammanalogam.com/wp-includes/rest-api.php(410): WP_REST_Server->serve_request()
#18 /home/vert8219/public_html/ammanalogam.com/wp-includes/class-wp-hook.php(308): rest_api_loaded()
#19 /home/vert8219/public_html/ammanalogam.com/wp-includes/class-wp-hook.php(332): WP_Hook->apply_filters()
#20 /home/vert8219/public_html/ammanalogam.com/wp-includes/plugin.php(565): WP_Hook->do_action()
#21 /home/vert8219/public_html/ammanalogam.com/wp-includes/class-wp.php(399): do_action_ref_array()
#22 /home/vert8219/public_html/ammanalogam.com/wp-includes/class-wp.php(780): WP->parse_request()
#23 /home/vert8219/public_html/ammanalogam.com/wp-includes/functions.php(1334): WP->main()
#24 /home/vert8219/public_html/ammanalogam.com/wp-blog-header.php(16): wp()
#25 /home/vert8219/public_html/ammanalogam.com/index.php(17): require('/home/vert8219/...')
#26 {main}
  thrown in /home/vert8219/public_html/ammanalogam.com/wp-includes/PHPMailer/PHPMailer.php on line 874

